<?xml version="1.0" encoding="UTF-8"?>
<testsuite xmlns:xsi="http://www.w3.org/2001/XMLSchema-instance" xsi:noNamespaceSchemaLocation="https://maven.apache.org/surefire/maven-surefire-plugin/xsd/surefire-test-report.xsd" name="com.ramesh.kafka.MySinkConnectorTest" time="0" tests="1" errors="0" skipped="0" failures="0">
  <properties>
    <property name="gopherProxySet" value="false"/>
    <property name="awt.toolkit" value="sun.lwawt.macosx.LWCToolkit"/>
    <property name="file.encoding.pkg" value="sun.io"/>
    <property name="java.specification.version" value="1.8"/>
    <property name="sun.cpu.isalist" value=""/>
    <property name="sun.jnu.encoding" value="UTF-8"/>
    <property name="java.class.path" value="/Users/rveerama@us.ibm.com/IdeaProjects/git2Kafka2/kafkaConnect/target/test-classes:/Users/rveerama@us.ibm.com/IdeaProjects/git2Kafka2/kafkaConnect/target/classes:/Users/rveerama@us.ibm.com/.m2/repository/org/apache/kafka/connect-api/2.0.0/connect-api-2.0.0.jar:/Users/rveerama@us.ibm.com/.m2/repository/org/apache/kafka/kafka-clients/2.0.0/kafka-clients-2.0.0.jar:/Users/rveerama@us.ibm.com/.m2/repository/org/lz4/lz4-java/1.4.1/lz4-java-1.4.1.jar:/Users/rveerama@us.ibm.com/.m2/repository/org/xerial/snappy/snappy-java/1.1.7.1/snappy-java-1.1.7.1.jar:/Users/rveerama@us.ibm.com/.m2/repository/org/slf4j/slf4j-api/1.7.25/slf4j-api-1.7.25.jar:/Users/rveerama@us.ibm.com/.m2/repository/javax/ws/rs/javax.ws.rs-api/2.1/javax.ws.rs-api-2.1.jar:/Users/rveerama@us.ibm.com/.m2/repository/junit/junit/4.12/junit-4.12.jar:/Users/rveerama@us.ibm.com/.m2/repository/org/hamcrest/hamcrest-core/1.3/hamcrest-core-1.3.jar:/Users/rveerama@us.ibm.com/.m2/repository/com/fasterxml/jackson/core/jackson-databind/2.8.5/jackson-databind-2.8.5.jar:/Users/rveerama@us.ibm.com/.m2/repository/com/fasterxml/jackson/core/jackson-annotations/2.8.0/jackson-annotations-2.8.0.jar:/Users/rveerama@us.ibm.com/.m2/repository/com/fasterxml/jackson/core/jackson-core/2.8.5/jackson-core-2.8.5.jar:/Users/rveerama@us.ibm.com/.m2/repository/org/reflections/reflections/0.9.10/reflections-0.9.10.jar:/Users/rveerama@us.ibm.com/.m2/repository/org/javassist/javassist/3.19.0-GA/javassist-3.19.0-GA.jar:/Users/rveerama@us.ibm.com/.m2/repository/com/google/code/findbugs/annotations/2.0.1/annotations-2.0.1.jar:/Users/rveerama@us.ibm.com/.m2/repository/com/google/guava/guava/18.0/guava-18.0.jar:/Users/rveerama@us.ibm.com/.m2/repository/com/github/jcustenborder/kafka/connect/connect-utils/0.3.141/connect-utils-0.3.141.jar:/Users/rveerama@us.ibm.com/.m2/repository/org/freemarker/freemarker/2.3.25-incubating/freemarker-2.3.25-incubating.jar:/Users/rveerama@us.ibm.com/.m2/repository/com/github/jcustenborder/docker-compose-junit-extension/0.0.1.2/docker-compose-junit-extension-0.0.1.2.jar:/Users/rveerama@us.ibm.com/.m2/repository/com/palantir/docker/compose/docker-compose-rule-core/0.34.0/docker-compose-rule-core-0.34.0.jar:/Users/rveerama@us.ibm.com/.m2/repository/com/jayway/awaitility/awaitility/1.6.5/awaitility-1.6.5.jar:/Users/rveerama@us.ibm.com/.m2/repository/org/hamcrest/hamcrest-library/1.3/hamcrest-library-1.3.jar:/Users/rveerama@us.ibm.com/.m2/repository/cglib/cglib-nodep/3.1/cglib-nodep-3.1.jar:/Users/rveerama@us.ibm.com/.m2/repository/com/github/zafarkhaja/java-semver/0.9.0/java-semver-0.9.0.jar:/Users/rveerama@us.ibm.com/.m2/repository/commons-io/commons-io/2.4/commons-io-2.4.jar:/Users/rveerama@us.ibm.com/.m2/repository/joda-time/joda-time/2.9.1/joda-time-2.9.1.jar:/Users/rveerama@us.ibm.com/.m2/repository/org/apache/commons/commons-lang3/3.0/commons-lang3-3.0.jar:/Users/rveerama@us.ibm.com/.m2/repository/org/hamcrest/hamcrest-all/1.3/hamcrest-all-1.3.jar:/Users/rveerama@us.ibm.com/.m2/repository/com/github/jcustenborder/kafka/connect/connect-utils-testing/0.3.141/connect-utils-testing-0.3.141.jar:/Users/rveerama@us.ibm.com/.m2/repository/com/opencsv/opencsv/3.10/opencsv-3.10.jar:/Users/rveerama@us.ibm.com/.m2/repository/commons-beanutils/commons-beanutils/1.9.3/commons-beanutils-1.9.3.jar:/Users/rveerama@us.ibm.com/.m2/repository/commons-logging/commons-logging/1.2/commons-logging-1.2.jar:/Users/rveerama@us.ibm.com/.m2/repository/commons-collections/commons-collections/3.2.2/commons-collections-3.2.2.jar:/Users/rveerama@us.ibm.com/.m2/repository/org/junit/jupiter/junit-jupiter-engine/5.2.0/junit-jupiter-engine-5.2.0.jar:/Users/rveerama@us.ibm.com/.m2/repository/org/apiguardian/apiguardian-api/1.0.0/apiguardian-api-1.0.0.jar:/Users/rveerama@us.ibm.com/.m2/repository/org/junit/platform/junit-platform-engine/1.2.0/junit-platform-engine-1.2.0.jar:/Users/rveerama@us.ibm.com/.m2/repository/org/junit/jupiter/junit-jupiter-api/5.2.0/junit-jupiter-api-5.2.0.jar:/Users/rveerama@us.ibm.com/.m2/repository/org/opentest4j/opentest4j/1.1.0/opentest4j-1.1.0.jar:/Users/rveerama@us.ibm.com/.m2/repository/org/junit/platform/junit-platform-commons/1.2.0/junit-platform-commons-1.2.0.jar:/Users/rveerama@us.ibm.com/.m2/repository/org/mockito/mockito-core/2.6.3/mockito-core-2.6.3.jar:/Users/rveerama@us.ibm.com/.m2/repository/net/bytebuddy/byte-buddy/1.6.2/byte-buddy-1.6.2.jar:/Users/rveerama@us.ibm.com/.m2/repository/net/bytebuddy/byte-buddy-agent/1.6.2/byte-buddy-agent-1.6.2.jar:/Users/rveerama@us.ibm.com/.m2/repository/org/objenesis/objenesis/2.5/objenesis-2.5.jar:/Users/rveerama@us.ibm.com/.m2/repository/ch/qos/logback/logback-classic/1.1.8/logback-classic-1.1.8.jar:/Users/rveerama@us.ibm.com/.m2/repository/ch/qos/logback/logback-core/1.1.8/logback-core-1.1.8.jar:"/>
    <property name="java.vm.vendor" value="Oracle Corporation"/>
    <property name="sun.arch.data.model" value="64"/>
    <property name="java.vendor.url" value="http://java.oracle.com/"/>
    <property name="user.timezone" value=""/>
    <property name="java.vm.specification.version" value="1.8"/>
    <property name="os.name" value="Mac OS X"/>
    <property name="user.country" value="US"/>
    <property name="sun.java.launcher" value="SUN_STANDARD"/>
    <property name="sun.boot.library.path" value="/Library/Java/JavaVirtualMachines/jdk1.8.0_171.jdk/Contents/Home/jre/lib"/>
    <property name="sun.java.command" value="/Users/rveerama@us.ibm.com/IdeaProjects/git2Kafka2/kafkaConnect/target/surefire/surefirebooter1952699054948195094.jar /Users/rveerama@us.ibm.com/IdeaProjects/git2Kafka2/kafkaConnect/target/surefire 2018-11-05T14-25-04_038-jvmRun1 surefire642950922864058156tmp surefire_03909308025415789966tmp"/>
    <property name="surefire.test.class.path" value="/Users/rveerama@us.ibm.com/IdeaProjects/git2Kafka2/kafkaConnect/target/test-classes:/Users/rveerama@us.ibm.com/IdeaProjects/git2Kafka2/kafkaConnect/target/classes:/Users/rveerama@us.ibm.com/.m2/repository/org/apache/kafka/connect-api/2.0.0/connect-api-2.0.0.jar:/Users/rveerama@us.ibm.com/.m2/repository/org/apache/kafka/kafka-clients/2.0.0/kafka-clients-2.0.0.jar:/Users/rveerama@us.ibm.com/.m2/repository/org/lz4/lz4-java/1.4.1/lz4-java-1.4.1.jar:/Users/rveerama@us.ibm.com/.m2/repository/org/xerial/snappy/snappy-java/1.1.7.1/snappy-java-1.1.7.1.jar:/Users/rveerama@us.ibm.com/.m2/repository/org/slf4j/slf4j-api/1.7.25/slf4j-api-1.7.25.jar:/Users/rveerama@us.ibm.com/.m2/repository/javax/ws/rs/javax.ws.rs-api/2.1/javax.ws.rs-api-2.1.jar:/Users/rveerama@us.ibm.com/.m2/repository/junit/junit/4.12/junit-4.12.jar:/Users/rveerama@us.ibm.com/.m2/repository/org/hamcrest/hamcrest-core/1.3/hamcrest-core-1.3.jar:/Users/rveerama@us.ibm.com/.m2/repository/com/fasterxml/jackson/core/jackson-databind/2.8.5/jackson-databind-2.8.5.jar:/Users/rveerama@us.ibm.com/.m2/repository/com/fasterxml/jackson/core/jackson-annotations/2.8.0/jackson-annotations-2.8.0.jar:/Users/rveerama@us.ibm.com/.m2/repository/com/fasterxml/jackson/core/jackson-core/2.8.5/jackson-core-2.8.5.jar:/Users/rveerama@us.ibm.com/.m2/repository/org/reflections/reflections/0.9.10/reflections-0.9.10.jar:/Users/rveerama@us.ibm.com/.m2/repository/org/javassist/javassist/3.19.0-GA/javassist-3.19.0-GA.jar:/Users/rveerama@us.ibm.com/.m2/repository/com/google/code/findbugs/annotations/2.0.1/annotations-2.0.1.jar:/Users/rveerama@us.ibm.com/.m2/repository/com/google/guava/guava/18.0/guava-18.0.jar:/Users/rveerama@us.ibm.com/.m2/repository/com/github/jcustenborder/kafka/connect/connect-utils/0.3.141/connect-utils-0.3.141.jar:/Users/rveerama@us.ibm.com/.m2/repository/org/freemarker/freemarker/2.3.25-incubating/freemarker-2.3.25-incubating.jar:/Users/rveerama@us.ibm.com/.m2/repository/com/github/jcustenborder/docker-compose-junit-extension/0.0.1.2/docker-compose-junit-extension-0.0.1.2.jar:/Users/rveerama@us.ibm.com/.m2/repository/com/palantir/docker/compose/docker-compose-rule-core/0.34.0/docker-compose-rule-core-0.34.0.jar:/Users/rveerama@us.ibm.com/.m2/repository/com/jayway/awaitility/awaitility/1.6.5/awaitility-1.6.5.jar:/Users/rveerama@us.ibm.com/.m2/repository/org/hamcrest/hamcrest-library/1.3/hamcrest-library-1.3.jar:/Users/rveerama@us.ibm.com/.m2/repository/cglib/cglib-nodep/3.1/cglib-nodep-3.1.jar:/Users/rveerama@us.ibm.com/.m2/repository/com/github/zafarkhaja/java-semver/0.9.0/java-semver-0.9.0.jar:/Users/rveerama@us.ibm.com/.m2/repository/commons-io/commons-io/2.4/commons-io-2.4.jar:/Users/rveerama@us.ibm.com/.m2/repository/joda-time/joda-time/2.9.1/joda-time-2.9.1.jar:/Users/rveerama@us.ibm.com/.m2/repository/org/apache/commons/commons-lang3/3.0/commons-lang3-3.0.jar:/Users/rveerama@us.ibm.com/.m2/repository/org/hamcrest/hamcrest-all/1.3/hamcrest-all-1.3.jar:/Users/rveerama@us.ibm.com/.m2/repository/com/github/jcustenborder/kafka/connect/connect-utils-testing/0.3.141/connect-utils-testing-0.3.141.jar:/Users/rveerama@us.ibm.com/.m2/repository/com/opencsv/opencsv/3.10/opencsv-3.10.jar:/Users/rveerama@us.ibm.com/.m2/repository/commons-beanutils/commons-beanutils/1.9.3/commons-beanutils-1.9.3.jar:/Users/rveerama@us.ibm.com/.m2/repository/commons-logging/commons-logging/1.2/commons-logging-1.2.jar:/Users/rveerama@us.ibm.com/.m2/repository/commons-collections/commons-collections/3.2.2/commons-collections-3.2.2.jar:/Users/rveerama@us.ibm.com/.m2/repository/org/junit/jupiter/junit-jupiter-engine/5.2.0/junit-jupiter-engine-5.2.0.jar:/Users/rveerama@us.ibm.com/.m2/repository/org/apiguardian/apiguardian-api/1.0.0/apiguardian-api-1.0.0.jar:/Users/rveerama@us.ibm.com/.m2/repository/org/junit/platform/junit-platform-engine/1.2.0/junit-platform-engine-1.2.0.jar:/Users/rveerama@us.ibm.com/.m2/repository/org/junit/jupiter/junit-jupiter-api/5.2.0/junit-jupiter-api-5.2.0.jar:/Users/rveerama@us.ibm.com/.m2/repository/org/opentest4j/opentest4j/1.1.0/opentest4j-1.1.0.jar:/Users/rveerama@us.ibm.com/.m2/repository/org/junit/platform/junit-platform-commons/1.2.0/junit-platform-commons-1.2.0.jar:/Users/rveerama@us.ibm.com/.m2/repository/org/mockito/mockito-core/2.6.3/mockito-core-2.6.3.jar:/Users/rveerama@us.ibm.com/.m2/repository/net/bytebuddy/byte-buddy/1.6.2/byte-buddy-1.6.2.jar:/Users/rveerama@us.ibm.com/.m2/repository/net/bytebuddy/byte-buddy-agent/1.6.2/byte-buddy-agent-1.6.2.jar:/Users/rveerama@us.ibm.com/.m2/repository/org/objenesis/objenesis/2.5/objenesis-2.5.jar:/Users/rveerama@us.ibm.com/.m2/repository/ch/qos/logback/logback-classic/1.1.8/logback-classic-1.1.8.jar:/Users/rveerama@us.ibm.com/.m2/repository/ch/qos/logback/logback-core/1.1.8/logback-core-1.1.8.jar:"/>
    <property name="sun.cpu.endian" value="little"/>
    <property name="user.home" value="/Users/rveerama@us.ibm.com"/>
    <property name="user.language" value="en"/>
    <property name="java.specification.vendor" value="Oracle Corporation"/>
    <property name="java.home" value="/Library/Java/JavaVirtualMachines/jdk1.8.0_171.jdk/Contents/Home/jre"/>
    <property name="basedir" value="/Users/rveerama@us.ibm.com/IdeaProjects/git2Kafka2/kafkaConnect"/>
    <property name="file.separator" value="/"/>
    <property name="line.separator" value="&#10;"/>
    <property name="java.vm.specification.vendor" value="Oracle Corporation"/>
    <property name="java.specification.name" value="Java Platform API Specification"/>
    <property name="java.awt.graphicsenv" value="sun.awt.CGraphicsEnvironment"/>
    <property name="surefire.real.class.path" value="/Users/rveerama@us.ibm.com/IdeaProjects/git2Kafka2/kafkaConnect/target/surefire/surefirebooter1952699054948195094.jar"/>
    <property name="sun.boot.class.path" value="/Library/Java/JavaVirtualMachines/jdk1.8.0_171.jdk/Contents/Home/jre/lib/resources.jar:/Library/Java/JavaVirtualMachines/jdk1.8.0_171.jdk/Contents/Home/jre/lib/rt.jar:/Library/Java/JavaVirtualMachines/jdk1.8.0_171.jdk/Contents/Home/jre/lib/sunrsasign.jar:/Library/Java/JavaVirtualMachines/jdk1.8.0_171.jdk/Contents/Home/jre/lib/jsse.jar:/Library/Java/JavaVirtualMachines/jdk1.8.0_171.jdk/Contents/Home/jre/lib/jce.jar:/Library/Java/JavaVirtualMachines/jdk1.8.0_171.jdk/Contents/Home/jre/lib/charsets.jar:/Library/Java/JavaVirtualMachines/jdk1.8.0_171.jdk/Contents/Home/jre/lib/jfr.jar:/Library/Java/JavaVirtualMachines/jdk1.8.0_171.jdk/Contents/Home/jre/classes"/>
    <property name="sun.management.compiler" value="HotSpot 64-Bit Tiered Compilers"/>
    <property name="java.runtime.version" value="1.8.0_171-b11"/>
    <property name="user.name" value="rveerama@us.ibm.com"/>
    <property name="path.separator" value=":"/>
    <property name="os.version" value="10.13.4"/>
    <property name="java.endorsed.dirs" value="/Library/Java/JavaVirtualMachines/jdk1.8.0_171.jdk/Contents/Home/jre/lib/endorsed"/>
    <property name="java.runtime.name" value="Java(TM) SE Runtime Environment"/>
    <property name="file.encoding" value="UTF-8"/>
    <property name="java.vm.name" value="Java HotSpot(TM) 64-Bit Server VM"/>
    <property name="localRepository" value="/Users/rveerama@us.ibm.com/.m2/repository"/>
    <property name="java.vendor.url.bug" value="http://bugreport.sun.com/bugreport/"/>
    <property name="java.io.tmpdir" value="/var/folders/kc/hsrm3kz111j9sppnt8kmn2140000gn/T/"/>
    <property name="idea.version" value="2018.1.5"/>
    <property name="java.version" value="1.8.0_171"/>
    <property name="user.dir" value="/Users/rveerama@us.ibm.com/IdeaProjects/git2Kafka2/kafkaConnect"/>
    <property name="os.arch" value="x86_64"/>
    <property name="java.vm.specification.name" value="Java Virtual Machine Specification"/>
    <property name="java.awt.printerjob" value="sun.lwawt.macosx.CPrinterJob"/>
    <property name="sun.os.patch.level" value="unknown"/>
    <property name="java.library.path" value="/Users/rveerama@us.ibm.com/Library/Java/Extensions:/Library/Java/Extensions:/Network/Library/Java/Extensions:/System/Library/Java/Extensions:/usr/lib/java:."/>
    <property name="java.vm.info" value="mixed mode"/>
    <property name="java.vendor" value="Oracle Corporation"/>
    <property name="java.vm.version" value="25.171-b11"/>
    <property name="java.ext.dirs" value="/Users/rveerama@us.ibm.com/Library/Java/Extensions:/Library/Java/JavaVirtualMachines/jdk1.8.0_171.jdk/Contents/Home/jre/lib/ext:/Library/Java/Extensions:/Network/Library/Java/Extensions:/System/Library/Java/Extensions:/usr/lib/java"/>
    <property name="sun.io.unicode.encoding" value="UnicodeBig"/>
    <property name="java.class.version" value="52.0"/>
  </properties>
  <testcase name="test" classname="com.ramesh.kafka.MySinkConnectorTest" time="0"/>
</testsuite>